C:\USERS\USER\DOCUMENTS\VISUAL STUDIO 2010\PROJECTS\GLCHESS\PROYECTO2\DEBUG\PROYECTO2.EXE
C:\USERS\USER\DOCUMENTS\VISUAL STUDIO 2010\PROJECTS\GLCHESS\PROYECTO2\DEBUG\PROYECTO2.ILK
C:\USERS\USER\DOCUMENTS\VISUAL STUDIO 2010\PROJECTS\GLCHESS\PROYECTO2\DEBUG\PROYECTO2.PDB
C:\Users\User\Documents\Visual Studio 2010\Projects\GlChess\proyecto2\proyecto2\Debug\cl.command.1.tlog
C:\Users\User\Documents\Visual Studio 2010\Projects\GlChess\proyecto2\proyecto2\Debug\CL.read.1.tlog
C:\Users\User\Documents\Visual Studio 2010\Projects\GlChess\proyecto2\proyecto2\Debug\CL.write.1.tlog
C:\USERS\USER\DOCUMENTS\VISUAL STUDIO 2010\PROJECTS\GLCHESS\PROYECTO2\PROYECTO2\DEBUG\CODIGO.OBJ
C:\Users\User\Documents\Visual Studio 2010\Projects\GlChess\proyecto2\proyecto2\Debug\link.1264.read.1.tlog
C:\Users\User\Documents\Visual Studio 2010\Projects\GlChess\proyecto2\proyecto2\Debug\link.1264.write.1.tlog
C:\Users\User\Documents\Visual Studio 2010\Projects\GlChess\proyecto2\proyecto2\Debug\link.1264-cvtres.read.1.tlog
C:\Users\User\Documents\Visual Studio 2010\Projects\GlChess\proyecto2\proyecto2\Debug\link.1264-cvtres.write.1.tlog
C:\Users\User\Documents\Visual Studio 2010\Projects\GlChess\proyecto2\proyecto2\Debug\link.1832.read.1.tlog
C:\Users\User\Documents\Visual Studio 2010\Projects\GlChess\proyecto2\proyecto2\Debug\link.1832.write.1.tlog
C:\Users\User\Documents\Visual Studio 2010\Projects\GlChess\proyecto2\proyecto2\Debug\link.1832-cvtres.read.1.tlog
C:\Users\User\Documents\Visual Studio 2010\Projects\GlChess\proyecto2\proyecto2\Debug\link.1832-cvtres.write.1.tlog
C:\Users\User\Documents\Visual Studio 2010\Projects\GlChess\proyecto2\proyecto2\Debug\link.3728.read.1.tlog
C:\Users\User\Documents\Visual Studio 2010\Projects\GlChess\proyecto2\proyecto2\Debug\link.3728.write.1.tlog
C:\Users\User\Documents\Visual Studio 2010\Projects\GlChess\proyecto2\proyecto2\Debug\link.3728-cvtres.read.1.tlog
C:\Users\User\Documents\Visual Studio 2010\Projects\GlChess\proyecto2\proyecto2\Debug\link.3728-cvtres.write.1.tlog
C:\Users\User\Documents\Visual Studio 2010\Projects\GlChess\proyecto2\proyecto2\Debug\link.3764.read.1.tlog
C:\Users\User\Documents\Visual Studio 2010\Projects\GlChess\proyecto2\proyecto2\Debug\link.3764.write.1.tlog
C:\Users\User\Documents\Visual Studio 2010\Projects\GlChess\proyecto2\proyecto2\Debug\link.3764-cvtres.read.1.tlog
C:\Users\User\Documents\Visual Studio 2010\Projects\GlChess\proyecto2\proyecto2\Debug\link.3764-cvtres.write.1.tlog
C:\Users\User\Documents\Visual Studio 2010\Projects\GlChess\proyecto2\proyecto2\Debug\link.480.read.1.tlog
C:\Users\User\Documents\Visual Studio 2010\Projects\GlChess\proyecto2\proyecto2\Debug\link.480.write.1.tlog
C:\Users\User\Documents\Visual Studio 2010\Projects\GlChess\proyecto2\proyecto2\Debug\link.480-cvtres.read.1.tlog
C:\Users\User\Documents\Visual Studio 2010\Projects\GlChess\proyecto2\proyecto2\Debug\link.480-cvtres.write.1.tlog
C:\Users\User\Documents\Visual Studio 2010\Projects\GlChess\proyecto2\proyecto2\Debug\link.5228.read.1.tlog
C:\Users\User\Documents\Visual Studio 2010\Projects\GlChess\proyecto2\proyecto2\Debug\link.5228.write.1.tlog
C:\Users\User\Documents\Visual Studio 2010\Projects\GlChess\proyecto2\proyecto2\Debug\link.5228-cvtres.read.1.tlog
C:\Users\User\Documents\Visual Studio 2010\Projects\GlChess\proyecto2\proyecto2\Debug\link.5228-cvtres.write.1.tlog
C:\Users\User\Documents\Visual Studio 2010\Projects\GlChess\proyecto2\proyecto2\Debug\link.6004.read.1.tlog
C:\Users\User\Documents\Visual Studio 2010\Projects\GlChess\proyecto2\proyecto2\Debug\link.6004.write.1.tlog
C:\Users\User\Documents\Visual Studio 2010\Projects\GlChess\proyecto2\proyecto2\Debug\link.6004-cvtres.read.1.tlog
C:\Users\User\Documents\Visual Studio 2010\Projects\GlChess\proyecto2\proyecto2\Debug\link.6004-cvtres.write.1.tlog
C:\Users\User\Documents\Visual Studio 2010\Projects\GlChess\proyecto2\proyecto2\Debug\link.6012.read.1.tlog
C:\Users\User\Documents\Visual Studio 2010\Projects\GlChess\proyecto2\proyecto2\Debug\link.6012.write.1.tlog
C:\Users\User\Documents\Visual Studio 2010\Projects\GlChess\proyecto2\proyecto2\Debug\link.6012-cvtres.read.1.tlog
C:\Users\User\Documents\Visual Studio 2010\Projects\GlChess\proyecto2\proyecto2\Debug\link.6012-cvtres.write.1.tlog
C:\Users\User\Documents\Visual Studio 2010\Projects\GlChess\proyecto2\proyecto2\Debug\link.6036.read.1.tlog
C:\Users\User\Documents\Visual Studio 2010\Projects\GlChess\proyecto2\proyecto2\Debug\link.6036.write.1.tlog
C:\Users\User\Documents\Visual Studio 2010\Projects\GlChess\proyecto2\proyecto2\Debug\link.6036-cvtres.read.1.tlog
C:\Users\User\Documents\Visual Studio 2010\Projects\GlChess\proyecto2\proyecto2\Debug\link.6036-cvtres.write.1.tlog
C:\Users\User\Documents\Visual Studio 2010\Projects\GlChess\proyecto2\proyecto2\Debug\link.648.read.1.tlog
C:\Users\User\Documents\Visual Studio 2010\Projects\GlChess\proyecto2\proyecto2\Debug\link.648.write.1.tlog
C:\Users\User\Documents\Visual Studio 2010\Projects\GlChess\proyecto2\proyecto2\Debug\link.648-cvtres.read.1.tlog
C:\Users\User\Documents\Visual Studio 2010\Projects\GlChess\proyecto2\proyecto2\Debug\link.648-cvtres.write.1.tlog
C:\Users\User\Documents\Visual Studio 2010\Projects\GlChess\proyecto2\proyecto2\Debug\link.command.1.tlog
C:\Users\User\Documents\Visual Studio 2010\Projects\GlChess\proyecto2\proyecto2\Debug\link.read.1.tlog
C:\Users\User\Documents\Visual Studio 2010\Projects\GlChess\proyecto2\proyecto2\Debug\link.write.1.tlog
C:\Users\User\Documents\Visual Studio 2010\Projects\GlChess\proyecto2\proyecto2\Debug\link-cvtres.read.1.tlog
C:\Users\User\Documents\Visual Studio 2010\Projects\GlChess\proyecto2\proyecto2\Debug\link-cvtres.write.1.tlog
C:\Users\User\Documents\Visual Studio 2010\Projects\GlChess\proyecto2\proyecto2\Debug\mt.command.1.tlog
C:\Users\User\Documents\Visual Studio 2010\Projects\GlChess\proyecto2\proyecto2\Debug\mt.read.1.tlog
C:\Users\User\Documents\Visual Studio 2010\Projects\GlChess\proyecto2\proyecto2\Debug\mt.write.1.tlog
C:\USERS\USER\DOCUMENTS\VISUAL STUDIO 2010\PROJECTS\GLCHESS\PROYECTO2\PROYECTO2\DEBUG\PROYECTO2.EXE.EMBED.MANIFEST
C:\USERS\USER\DOCUMENTS\VISUAL STUDIO 2010\PROJECTS\GLCHESS\PROYECTO2\PROYECTO2\DEBUG\PROYECTO2.EXE.EMBED.MANIFEST.RES
C:\USERS\USER\DOCUMENTS\VISUAL STUDIO 2010\PROJECTS\GLCHESS\PROYECTO2\PROYECTO2\DEBUG\PROYECTO2.EXE.INTERMEDIATE.MANIFEST
C:\Users\User\Documents\Visual Studio 2010\Projects\GlChess\proyecto2\proyecto2\Debug\proyecto2_manifest.rc
C:\Users\User\Documents\Visual Studio 2010\Projects\GlChess\proyecto2\proyecto2\Debug\rc.command.1.tlog
C:\Users\User\Documents\Visual Studio 2010\Projects\GlChess\proyecto2\proyecto2\Debug\rc.read.1.tlog
C:\Users\User\Documents\Visual Studio 2010\Projects\GlChess\proyecto2\proyecto2\Debug\rc.write.1.tlog
C:\USERS\USER\DOCUMENTS\VISUAL STUDIO 2010\PROJECTS\GLCHESS\PROYECTO2\PROYECTO2\DEBUG\RGBIMAGE.OBJ
C:\Users\User\Documents\Visual Studio 2010\Projects\GlChess\proyecto2\proyecto2\Debug\vc100.idb
C:\USERS\USER\DOCUMENTS\VISUAL STUDIO 2010\PROJECTS\GLCHESS\PROYECTO2\PROYECTO2\DEBUG\VC100.PDB
